TN:
SF:src/learning.js
FN:2,calculateAverageScore
FN:7,(anonymous_1)
FN:12,getHighestScoringStudent
FN:31,fetchEnrolledStudents
FN:33,(anonymous_4)
FN:34,(anonymous_5)
FN:38,filterPassedQuizResults
FN:39,(anonymous_7)
FNF:8
FNH:8
FNDA:2,calculateAverageScore
FNDA:1,(anonymous_1)
FNDA:2,getHighestScoringStudent
FNDA:1,fetchEnrolledStudents
FNDA:4,(anonymous_4)
FNDA:2,(anonymous_5)
FNDA:1,filterPassedQuizResults
FNDA:1,(anonymous_7)
DA:3,2
DA:4,1
DA:7,1
DA:8,1
DA:13,2
DA:14,1
DA:17,1
DA:18,1
DA:20,1
DA:21,4
DA:22,1
DA:23,1
DA:27,1
DA:32,1
DA:33,4
DA:34,2
DA:39,1
DA:42,1
LF:18
LH:18
BRDA:3,0,0,1
BRDA:3,0,1,1
BRDA:13,1,0,1
BRDA:13,1,1,1
BRDA:21,2,0,1
BRDA:21,2,1,3
BRF:6
BRH:6
end_of_record
TN:
SF:src/math.js
FN:1,sum
FN:5,multiply
FN:9,divide
FN:16,isPrime
FN:30,factorial
FNF:5
FNH:5
FNDA:2,sum
FNDA:1,multiply
FNDA:3,divide
FNDA:4,isPrime
FNDA:3,factorial
DA:2,2
DA:6,1
DA:10,3
DA:11,1
DA:13,2
DA:17,4
DA:18,1
DA:21,3
DA:22,4
DA:23,1
DA:27,2
DA:31,3
DA:32,1
DA:35,2
DA:36,1
DA:39,1
DA:40,1
DA:41,4
DA:44,1
DA:47,1
LF:20
LH:20
BRDA:10,0,0,1
BRDA:10,0,1,2
BRDA:17,1,0,1
BRDA:17,1,1,3
BRDA:22,2,0,1
BRDA:22,2,1,3
BRDA:31,3,0,1
BRDA:31,3,1,2
BRDA:35,4,0,1
BRDA:35,4,1,1
BRF:10
BRH:10
end_of_record
TN:
SF:src/regexp.js
FN:2,isAlphanumeric
FN:7,validateEmail
FN:13,extractURLs
FNF:3
FNH:3
FNDA:2,isAlphanumeric
FNDA:3,validateEmail
FNDA:2,extractURLs
DA:3,2
DA:8,3
DA:9,3
DA:14,2
DA:15,2
DA:18,1
LF:6
LH:6
BRDA:15,0,0,2
BRDA:15,0,1,1
BRF:2
BRH:2
end_of_record
